android/app/build/intermediates/manifest_merge_blame_file/release/processReleaseMainManifest/manifest-merger-blame-release-report.txt
1<?xml version="1.0" encoding="utf-8"?>
2<manifest xmlns:android="http://schemas.android.com/apk/res/android"
3    package="com.lucien.vale"
4    android:versionCode="1"
5    android:versionName="1.0.0" >
6
7    <uses-sdk
8        android:minSdkVersion="24"
9        android:targetSdkVersion="34" />
10
11    <uses-permission android:name="android.permission.INTERNET" />
11-->src\main\AndroidManifest.xml:2:3-64
11-->src\main\AndroidManifest.xml:2:20-62
12    <uses-permission android:name="android.permission.READ_EXTERNAL_STORAGE" />
12-->src\main\AndroidManifest.xml:3:3-77
12-->src\main\AndroidManifest.xml:3:20-75
13    <uses-permission android:name="android.permission.SYSTEM_ALERT_WINDOW" />
13-->src\main\AndroidManifest.xml:4:3-75
13-->src\main\AndroidManifest.xml:4:20-73
14    <uses-permission android:name="android.permission.VIBRATE" />
14-->src\main\AndroidManifest.xml:5:3-63
14-->src\main\AndroidManifest.xml:5:20-61
15    <uses-permission android:name="android.permission.WRITE_EXTERNAL_STORAGE" />
15-->src\main\AndroidManifest.xml:6:3-78
15-->src\main\AndroidManifest.xml:6:20-76
16
17    <queries>
17-->src\main\AndroidManifest.xml:7:3-13:13
18        <intent>
18-->src\main\AndroidManifest.xml:8:5-12:14
19            <action android:name="android.intent.action.VIEW" />
19-->src\main\AndroidManifest.xml:9:7-58
19-->src\main\AndroidManifest.xml:9:15-56
20
21            <category android:name="android.intent.category.BROWSABLE" />
21-->src\main\AndroidManifest.xml:10:7-67
21-->src\main\AndroidManifest.xml:10:17-65
22
23            <data android:scheme="https" />
23-->src\main\AndroidManifest.xml:11:7-37
23-->src\main\AndroidManifest.xml:11:13-35
24        </intent>
25        <!-- Query open documents -->
26        <intent>
26-->[:expo-file-system] AndroidManifest.xml:15:9-17:18
27            <action android:name="android.intent.action.OPEN_DOCUMENT_TREE" />
27-->[:expo-file-system] AndroidManifest.xml:16:13-79
27-->[:expo-file-system] AndroidManifest.xml:16:21-76
28        </intent>
29        <intent>
29-->[:expo-sharing] AndroidManifest.xml:8:9-14:18
30
31            <!-- Required for file sharing if targeting API 30 -->
32            <action android:name="android.intent.action.SEND" />
32-->[:expo-sharing] AndroidManifest.xml:11:13-65
32-->[:expo-sharing] AndroidManifest.xml:11:21-62
33
34            <data android:mimeType="*/*" />
34-->src\main\AndroidManifest.xml:11:7-37
35        </intent>
36    </queries>
37
38    <uses-permission android:name="android.permission.USE_BIOMETRIC" /> <!-- suppress DeprecatedClassUsageInspection -->
38-->[androidx.biometric:biometric:1.1.0] AndroidManifest.xml:24:5-72
38-->[androidx.biometric:biometric:1.1.0] AndroidManifest.xml:24:22-69
39    <uses-permission android:name="android.permission.USE_FINGERPRINT" />
39-->[androidx.biometric:biometric:1.1.0] AndroidManifest.xml:27:5-74
39-->[androidx.biometric:biometric:1.1.0] AndroidManifest.xml:27:22-71
40
41    <permission
41-->[androidx.core:core:1.13.1] AndroidManifest.xml:22:5-24:47
42        android:name="com.lucien.vale.DYNAMIC_RECEIVER_NOT_EXPORTED_PERMISSION"
42-->[androidx.core:core:1.13.1] AndroidManifest.xml:23:9-81
43        android:protectionLevel="signature" />
43-->[androidx.core:core:1.13.1] AndroidManifest.xml:24:9-44
44
45    <uses-permission android:name="com.lucien.vale.DYNAMIC_RECEIVER_NOT_EXPORTED_PERMISSION" />
45-->[androidx.core:core:1.13.1] AndroidManifest.xml:26:5-97
45-->[androidx.core:core:1.13.1] AndroidManifest.xml:26:22-94
46
47    <application
47-->src\main\AndroidManifest.xml:14:3-30:17
48        android:name="com.lucien.vale.MainApplication"
48-->src\main\AndroidManifest.xml:14:16-47
49        android:allowBackup="true"
49-->src\main\AndroidManifest.xml:14:162-188
50        android:appComponentFactory="androidx.core.app.CoreComponentFactory"
50-->[androidx.core:core:1.13.1] AndroidManifest.xml:28:18-86
51        android:extractNativeLibs="false"
52        android:icon="@mipmap/ic_launcher"
52-->src\main\AndroidManifest.xml:14:81-115
53        android:label="@string/app_name"
53-->src\main\AndroidManifest.xml:14:48-80
54        android:roundIcon="@mipmap/ic_launcher_round"
54-->src\main\AndroidManifest.xml:14:116-161
55        android:supportsRtl="true"
55-->src\main\AndroidManifest.xml:14:221-247
56        android:theme="@style/AppTheme" >
56-->src\main\AndroidManifest.xml:14:189-220
57        <meta-data
57-->src\main\AndroidManifest.xml:15:5-83
58            android:name="expo.modules.updates.ENABLED"
58-->src\main\AndroidManifest.xml:15:16-59
59            android:value="false" />
59-->src\main\AndroidManifest.xml:15:60-81
60        <meta-data
60-->src\main\AndroidManifest.xml:16:5-105
61            android:name="expo.modules.updates.EXPO_UPDATES_CHECK_ON_LAUNCH"
61-->src\main\AndroidManifest.xml:16:16-80
62            android:value="ALWAYS" />
62-->src\main\AndroidManifest.xml:16:81-103
63        <meta-data
63-->src\main\AndroidManifest.xml:17:5-99
64            android:name="expo.modules.updates.EXPO_UPDATES_LAUNCH_WAIT_MS"
64-->src\main\AndroidManifest.xml:17:16-79
65            android:value="0" />
65-->src\main\AndroidManifest.xml:17:80-97
66
67        <activity
67-->src\main\AndroidManifest.xml:18:5-29:16
68            android:name="com.lucien.vale.MainActivity"
68-->src\main\AndroidManifest.xml:18:15-43
69            android:configChanges="keyboard|keyboardHidden|orientation|screenSize|screenLayout|uiMode"
69-->src\main\AndroidManifest.xml:18:44-134
70            android:exported="true"
70-->src\main\AndroidManifest.xml:18:256-279
71            android:launchMode="singleTask"
71-->src\main\AndroidManifest.xml:18:135-166
72            android:screenOrientation="portrait"
72-->src\main\AndroidManifest.xml:18:280-316
73            android:theme="@style/Theme.App.SplashScreen"
73-->src\main\AndroidManifest.xml:18:210-255
74            android:windowSoftInputMode="adjustResize" >
74-->src\main\AndroidManifest.xml:18:167-209
75            <intent-filter>
75-->src\main\AndroidManifest.xml:19:7-22:23
76                <action android:name="android.intent.action.MAIN" />
76-->src\main\AndroidManifest.xml:20:9-60
76-->src\main\AndroidManifest.xml:20:17-58
77
78                <category android:name="android.intent.category.LAUNCHER" />
78-->src\main\AndroidManifest.xml:21:9-68
78-->src\main\AndroidManifest.xml:21:19-66
79            </intent-filter>
80            <intent-filter>
80-->src\main\AndroidManifest.xml:23:7-28:23
81                <action android:name="android.intent.action.VIEW" />
81-->src\main\AndroidManifest.xml:9:7-58
81-->src\main\AndroidManifest.xml:9:15-56
82
83                <category android:name="android.intent.category.DEFAULT" />
83-->src\main\AndroidManifest.xml:25:9-67
83-->src\main\AndroidManifest.xml:25:19-65
84                <category android:name="android.intent.category.BROWSABLE" />
84-->src\main\AndroidManifest.xml:10:7-67
84-->src\main\AndroidManifest.xml:10:17-65
85
86                <data android:scheme="com.lucien.vale" />
86-->src\main\AndroidManifest.xml:11:7-37
86-->src\main\AndroidManifest.xml:11:13-35
87            </intent-filter>
88        </activity>
89
90        <provider
90-->[:expo-clipboard] AndroidManifest.xml:8:9-15:20
91            android:name="expo.modules.clipboard.ClipboardFileProvider"
91-->[:expo-clipboard] AndroidManifest.xml:9:13-72
92            android:authorities="com.lucien.vale.ClipboardFileProvider"
92-->[:expo-clipboard] AndroidManifest.xml:10:13-73
93            android:exported="true" >
93-->[:expo-clipboard] AndroidManifest.xml:11:13-36
94            <meta-data
94-->[:expo-clipboard] AndroidManifest.xml:12:13-14:68
95                android:name="expo.modules.clipboard.CLIPBOARD_FILE_PROVIDER_PATHS"
95-->[:expo-clipboard] AndroidManifest.xml:13:17-84
96                android:resource="@xml/clipboard_provider_paths" />
96-->[:expo-clipboard] AndroidManifest.xml:14:17-65
97        </provider>
98        <provider
98-->[:expo-file-system] AndroidManifest.xml:21:9-30:20
99            android:name="expo.modules.filesystem.FileSystemFileProvider"
99-->[:expo-file-system] AndroidManifest.xml:22:13-74
100            android:authorities="com.lucien.vale.FileSystemFileProvider"
100-->[:expo-file-system] AndroidManifest.xml:23:13-74
101            android:exported="false"
101-->[:expo-file-system] AndroidManifest.xml:24:13-37
102            android:grantUriPermissions="true" >
102-->[:expo-file-system] AndroidManifest.xml:25:13-47
103            <meta-data
103-->[:expo-file-system] AndroidManifest.xml:27:13-29:70
104                android:name="android.support.FILE_PROVIDER_PATHS"
104-->[:expo-file-system] AndroidManifest.xml:28:17-67
105                android:resource="@xml/file_system_provider_paths" />
105-->[:expo-file-system] AndroidManifest.xml:29:17-67
106        </provider>
107        <provider
107-->[:expo-sharing] AndroidManifest.xml:18:9-26:20
108            android:name="expo.modules.sharing.SharingFileProvider"
108-->[:expo-sharing] AndroidManifest.xml:19:13-68
109            android:authorities="com.lucien.vale.SharingFileProvider"
109-->[:expo-sharing] AndroidManifest.xml:20:13-71
110            android:exported="false"
110-->[:expo-sharing] AndroidManifest.xml:21:13-37
111            android:grantUriPermissions="true" >
111-->[:expo-sharing] AndroidManifest.xml:22:13-47
112            <meta-data
112-->[:expo-file-system] AndroidManifest.xml:27:13-29:70
113                android:name="android.support.FILE_PROVIDER_PATHS"
113-->[:expo-file-system] AndroidManifest.xml:28:17-67
114                android:resource="@xml/sharing_provider_paths" />
114-->[:expo-file-system] AndroidManifest.xml:29:17-67
115        </provider>
116
117        <meta-data
117-->[:expo-modules-core] AndroidManifest.xml:9:9-11:89
118            android:name="org.unimodules.core.AppLoader#react-native-headless"
118-->[:expo-modules-core] AndroidManifest.xml:10:13-79
119            android:value="expo.modules.adapters.react.apploader.RNHeadlessAppLoader" />
119-->[:expo-modules-core] AndroidManifest.xml:11:13-86
120        <meta-data
120-->[:expo-modules-core] AndroidManifest.xml:12:9-15:45
121            android:name="com.facebook.soloader.enabled"
121-->[:expo-modules-core] AndroidManifest.xml:13:13-57
122            android:value="true" />
122-->[:expo-modules-core] AndroidManifest.xml:14:13-33
123
124        <provider
124-->[androidx.emoji2:emoji2:1.3.0] AndroidManifest.xml:24:9-32:20
125            android:name="androidx.startup.InitializationProvider"
125-->[androidx.emoji2:emoji2:1.3.0] AndroidManifest.xml:25:13-67
126            android:authorities="com.lucien.vale.androidx-startup"
126-->[androidx.emoji2:emoji2:1.3.0] AndroidManifest.xml:26:13-68
127            android:exported="false" >
127-->[androidx.emoji2:emoji2:1.3.0] AndroidManifest.xml:27:13-37
128            <meta-data
128-->[androidx.emoji2:emoji2:1.3.0] AndroidManifest.xml:29:13-31:52
129                android:name="androidx.emoji2.text.EmojiCompatInitializer"
129-->[androidx.emoji2:emoji2:1.3.0] AndroidManifest.xml:30:17-75
130                android:value="androidx.startup" />
130-->[androidx.emoji2:emoji2:1.3.0] AndroidManifest.xml:31:17-49
131            <meta-data
131-->[androidx.lifecycle:lifecycle-process:2.8.3] AndroidManifest.xml:29:13-31:52
132                android:name="androidx.lifecycle.ProcessLifecycleInitializer"
132-->[androidx.lifecycle:lifecycle-process:2.8.3] AndroidManifest.xml:30:17-78
133                android:value="androidx.startup" />
133-->[androidx.lifecycle:lifecycle-process:2.8.3] AndroidManifest.xml:31:17-49
134            <meta-data
134-->[androidx.profileinstaller:profileinstaller:1.3.1] AndroidManifest.xml:29:13-31:52
135                android:name="androidx.profileinstaller.ProfileInstallerInitializer"
135-->[androidx.profileinstaller:profileinstaller:1.3.1] AndroidManifest.xml:30:17-85
136                android:value="androidx.startup" />
136-->[androidx.profileinstaller:profileinstaller:1.3.1] AndroidManifest.xml:31:17-49
137        </provider>
138
139        <receiver
139-->[androidx.profileinstaller:profileinstaller:1.3.1] AndroidManifest.xml:34:9-52:20
140            android:name="androidx.profileinstaller.ProfileInstallReceiver"
140-->[androidx.profileinstaller:profileinstaller:1.3.1] AndroidManifest.xml:35:13-76
141            android:directBootAware="false"
141-->[androidx.profileinstaller:profileinstaller:1.3.1] AndroidManifest.xml:36:13-44
142            android:enabled="true"
142-->[androidx.profileinstaller:profileinstaller:1.3.1] AndroidManifest.xml:37:13-35
143            android:exported="true"
143-->[androidx.profileinstaller:profileinstaller:1.3.1] AndroidManifest.xml:38:13-36
144            android:permission="android.permission.DUMP" >
144-->[androidx.profileinstaller:profileinstaller:1.3.1] AndroidManifest.xml:39:13-57
145            <intent-filter>
145-->[androidx.profileinstaller:profileinstaller:1.3.1] AndroidManifest.xml:40:13-42:29
146                <action android:name="androidx.profileinstaller.action.INSTALL_PROFILE" />
146-->[androidx.profileinstaller:profileinstaller:1.3.1] AndroidManifest.xml:41:17-91
146-->[androidx.profileinstaller:profileinstaller:1.3.1] AndroidManifest.xml:41:25-88
147            </intent-filter>
148            <intent-filter>
148-->[androidx.profileinstaller:profileinstaller:1.3.1] AndroidManifest.xml:43:13-45:29
149                <action android:name="androidx.profileinstaller.action.SKIP_FILE" />
149-->[androidx.profileinstaller:profileinstaller:1.3.1] AndroidManifest.xml:44:17-85
149-->[androidx.profileinstaller:profileinstaller:1.3.1] AndroidManifest.xml:44:25-82
150            </intent-filter>
151            <intent-filter>
151-->[androidx.profileinstaller:profileinstaller:1.3.1] AndroidManifest.xml:46:13-48:29
152                <action android:name="androidx.profileinstaller.action.SAVE_PROFILE" />
152-->[androidx.profileinstaller:profileinstaller:1.3.1] AndroidManifest.xml:47:17-88
152-->[androidx.profileinstaller:profileinstaller:1.3.1] AndroidManifest.xml:47:25-85
153            </intent-filter>
154            <intent-filter>
154-->[androidx.profileinstaller:profileinstaller:1.3.1] AndroidManifest.xml:49:13-51:29
155                <action android:name="androidx.profileinstaller.action.BENCHMARK_OPERATION" />
155-->[androidx.profileinstaller:profileinstaller:1.3.1] AndroidManifest.xml:50:17-95
155-->[androidx.profileinstaller:profileinstaller:1.3.1] AndroidManifest.xml:50:25-92
156            </intent-filter>
157        </receiver>
158    </application>
159
160</manifest>